[2025-01-25 18:03:59]	Using Abuse.ch SSL Certificate Blacklist CSV dated 2025-01-24 19:23:13
[2025-01-25 18:06:11]	Founded 168,955 targets to download
[2025-01-25 18:41:12]	A total of 168,956 targets have been downloaded
[2025-01-25 18:41:14]	Comparison: Database updated successfully. 168955 entries added, 0 entries updated.
[2025-01-26 02:09:59]	Using Abuse.ch SSL Certificate Blacklist CSV dated 2025-01-24 19:23:13
[2025-01-26 02:12:34]	Founded 168,955 targets to download
[2025-01-26 03:14:26]	A total of 168,956 targets have been downloaded
[2025-01-26 03:14:28]	Comparison: Nothing to update
[2025-01-26 09:15:03]	Using Abuse.ch SSL Certificate Blacklist CSV dated 2025-01-24 19:23:13
[2025-01-26 09:17:33]	Founded 168,955 targets to download
[2025-01-26 10:12:10]	A total of 168,956 targets have been downloaded
[2025-01-26 10:12:12]	Comparison: Nothing to update
[2025-01-27 07:41:58]	Using Abuse.ch SSL Certificate Blacklist CSV dated 2025-01-27 07:07:05
[2025-01-27 07:44:31]	Founded 168,863 targets to download
[2025-01-27 08:40:36]	A total of 168,864 targets have been downloaded
[2025-01-27 08:40:38]	Comparison: Nothing to update
[2025-01-28 02:08:52]	Using Abuse.ch SSL Certificate Blacklist CSV dated 2025-01-27 07:07:05
[2025-01-28 02:11:32]	Founded 168,863 targets to download
[2025-01-28 02:56:16]	A total of 168,863 targets have been downloaded
[2025-01-28 02:56:18]	Comparison: Nothing to update
[2025-01-29 05:24:21]	Using Abuse.ch SSL Certificate Blacklist CSV dated 2025-01-27 07:07:05
[2025-01-29 05:26:44]	Founded 168,892 targets to download
[2025-01-29 06:05:10]	A total of 168,892 targets have been downloaded
[2025-01-29 06:05:14]	Comparison: Database updated successfully. 29 entries added, 0 entries updated.
[2025-01-29 14:15:37]	Using Abuse.ch SSL Certificate Blacklist CSV dated 2025-01-27 07:07:05
[2025-01-29 14:16:40]	Founded 168,892 targets to download
[2025-01-29 15:06:45]	A total of 234,891 targets have been downloaded
[2025-01-29 15:06:48]	Comparison: Nothing to update
[2025-01-30 02:06:17]	Using Abuse.ch SSL Certificate Blacklist CSV dated 2025-01-27 07:07:05
[2025-01-30 02:09:10]	Founded 168,892 targets to download
[2025-01-30 02:51:37]	A total of 168,892 targets have been downloaded
[2025-01-30 02:51:39]	Comparison: Nothing to update
[2025-01-31 02:07:58]	Using Abuse.ch SSL Certificate Blacklist CSV dated 2025-01-27 07:07:05
[2025-01-31 02:09:24]	Founded 168,703 targets to download
[2025-01-31 02:56:50]	A total of 168,703 targets have been downloaded
[2025-01-31 02:56:54]	Comparison: Database updated successfully. 1553 entries added, 5252 entries updated.
[2025-02-01 02:11:44]	Using Abuse.ch SSL Certificate Blacklist CSV dated 2025-01-27 07:07:05
[2025-02-01 02:12:46]	Founded 168,951 targets to download
[2025-02-01 03:14:00]	A total of 168,951 targets have been downloaded
[2025-02-01 03:14:03]	Comparison: Database updated successfully. 2425 entries added, 8595 entries updated.
[2025-02-02 02:11:53]	Using Abuse.ch SSL Certificate Blacklist CSV dated 2025-02-01 21:45:29
[2025-02-02 02:13:09]	Founded 168,951 targets to download
[2025-02-02 03:31:29]	A total of 168,951 targets have been downloaded
[2025-02-02 03:31:31]	Comparison: Nothing to update
[2025-02-03 02:08:40]	Using Abuse.ch SSL Certificate Blacklist CSV dated 2025-02-02 18:45:42
[2025-02-03 02:09:49]	Founded 170,795 targets to download
[2025-02-03 03:09:14]	A total of 170,795 targets have been downloaded
[2025-02-03 03:09:17]	Comparison: Database updated successfully. 13890 entries added, 109326 entries updated.
[2025-02-04 02:08:06]	Using Abuse.ch SSL Certificate Blacklist CSV dated 2025-02-03 07:54:27
[2025-02-04 02:12:34]	Founded 170,795 targets to download
[2025-02-04 02:54:19]	A total of 170,795 targets have been downloaded
[2025-02-04 02:54:21]	Comparison: Nothing to update
[2025-02-05 02:10:02]	Using Abuse.ch SSL Certificate Blacklist CSV dated 2025-02-04 08:38:00
[2025-02-05 02:14:19]	Founded 170,795 targets to download
[2025-02-05 02:52:04]	A total of 170,795 targets have been downloaded
[2025-02-05 02:52:07]	Comparison: Nothing to update
[2025-02-06 02:09:46]	Using Abuse.ch SSL Certificate Blacklist CSV dated 2025-02-05 11:50:20
[2025-02-06 02:10:40]	Founded 170,795 targets to download
[2025-02-06 02:29:44]	A total of 170,795 targets have been downloaded
[2025-02-06 02:29:47]	Comparison: Nothing to update
[2025-02-07 02:10:09]	Using Abuse.ch SSL Certificate Blacklist CSV dated 2025-02-06 15:55:08
[2025-02-07 02:10:45]	Founded 170,796 targets to download
[2025-02-07 02:18:37]	A total of 170,796 targets have been downloaded
[2025-02-07 02:18:40]	Comparison: Database updated successfully. 1 entries added, 0 entries updated.
[2025-02-08 02:06:22]	Using Abuse.ch SSL Certificate Blacklist CSV dated 2025-02-07 20:13:44
[2025-02-08 02:07:05]	Founded 170,796 targets to download
[2025-02-08 02:14:00]	A total of 170,796 targets have been downloaded
[2025-02-08 02:14:02]	Comparison: Nothing to update
[2025-02-09 02:12:54]	Using Abuse.ch SSL Certificate Blacklist CSV dated 2025-02-08 15:09:14
[2025-02-09 02:13:46]	Founded 170,796 targets to download
[2025-02-09 02:36:58]	A total of 170,796 targets have been downloaded
[2025-02-09 02:37:00]	Comparison: Nothing to update
[2025-02-10 02:11:01]	Using Abuse.ch SSL Certificate Blacklist CSV dated 2025-02-09 16:39:44
[2025-02-10 02:11:56]	Founded 170,796 targets to download
[2025-02-10 02:36:13]	A total of 170,796 targets have been downloaded
[2025-02-10 02:36:15]	Comparison: Nothing to update
[2025-02-11 02:10:55]	Using Abuse.ch SSL Certificate Blacklist CSV dated 2025-02-10 18:47:16
[2025-02-11 02:11:50]	Founded 170,796 targets to download
[2025-02-11 02:33:03]	A total of 170,796 targets have been downloaded
[2025-02-11 02:33:05]	Comparison: Nothing to update
[2025-02-12 02:09:52]	Using Abuse.ch SSL Certificate Blacklist CSV dated 2025-02-11 17:07:52
[2025-02-12 02:10:52]	Founded 170,935 targets to download
[2025-02-12 02:36:55]	A total of 170,935 targets have been downloaded
[2025-02-12 02:36:59]	Comparison: Database updated successfully. 2698 entries added, 7321 entries updated.
[2025-02-13 02:10:15]	Using Abuse.ch SSL Certificate Blacklist CSV dated 2025-02-12 16:03:40
[2025-02-13 02:11:15]	Founded 173,210 targets to download
[2025-02-13 02:45:36]	A total of 173,210 targets have been downloaded
[2025-02-13 02:45:40]	Comparison: Database updated successfully. 2808 entries added, 1448 entries updated.
[2025-02-14 02:10:13]	Using Abuse.ch SSL Certificate Blacklist CSV dated 2025-02-13 12:48:18
[2025-02-14 02:12:27]	Founded 173,211 targets to download
[2025-02-14 03:45:11]	A total of 271,110 targets have been downloaded
[2025-02-14 03:45:15]	Comparison: Database updated successfully. 1 entries added, 0 entries updated.
[2025-02-15 02:08:59]	Using Abuse.ch SSL Certificate Blacklist CSV dated 2025-02-14 19:22:35
[2025-02-15 02:10:11]	Founded 173,544 targets to download
[2025-02-15 02:54:23]	A total of 173,544 targets have been downloaded
[2025-02-15 02:54:27]	Comparison: Database updated successfully. 1213 entries added, 1300 entries updated.
[2025-02-16 02:16:13]	Using Abuse.ch SSL Certificate Blacklist CSV dated 2025-02-14 19:22:35
[2025-02-16 02:17:12]	Founded 173,544 targets to download
[2025-02-16 02:44:45]	A total of 173,544 targets have been downloaded
[2025-02-16 02:44:47]	Comparison: Nothing to update
[2025-02-17 02:13:38]	Using Abuse.ch SSL Certificate Blacklist CSV dated 2025-02-16 20:32:52
[2025-02-17 02:14:44]	Founded 173,544 targets to download
[2025-02-17 02:49:06]	A total of 173,544 targets have been downloaded
[2025-02-17 02:49:09]	Comparison: Nothing to update
[2025-02-18 02:09:46]	Using Abuse.ch SSL Certificate Blacklist CSV dated 2025-02-17 19:06:44
[2025-02-18 02:10:59]	Founded 173,561 targets to download
[2025-02-18 02:53:23]	A total of 173,561 targets have been downloaded
[2025-02-18 02:53:26]	Comparison: Database updated successfully. 425 entries added, 624 entries updated.
[2025-02-19 02:11:30]	Using Abuse.ch SSL Certificate Blacklist CSV dated 2025-02-18 17:54:57
[2025-02-19 02:13:13]	Founded 173,561 targets to download
[2025-02-19 03:43:34]	A total of 239,157 targets have been downloaded
[2025-02-19 03:43:37]	Comparison: Nothing to update
[2025-02-20 05:42:54]	Using Abuse.ch SSL Certificate Blacklist CSV dated 2025-02-19 06:15:13
[2025-02-20 05:44:07]	Founded 173,696 targets to download
[2025-02-20 06:41:10]	A total of 173,696 targets have been downloaded
[2025-02-20 06:41:13]	Comparison: Database updated successfully. 1648 entries added, 3885 entries updated.
[2025-02-21 02:11:37]	Using Abuse.ch SSL Certificate Blacklist CSV dated 2025-02-19 06:15:13
[2025-02-21 02:13:28]	Founded 173,696 targets to download
[2025-02-21 04:13:13]	A total of 173,696 targets have been downloaded
[2025-02-21 04:13:15]	Comparison: Nothing to update
[2025-02-22 02:07:38]	Using Abuse.ch SSL Certificate Blacklist CSV dated 2025-02-19 06:15:13
[2025-02-22 02:09:39]	Founded 173,696 targets to download
[2025-02-22 03:05:41]	A total of 173,696 targets have been downloaded
[2025-02-22 03:05:43]	Comparison: Nothing to update
[2025-02-23 02:16:41]	Using Abuse.ch SSL Certificate Blacklist CSV dated 2025-02-22 07:44:20
[2025-02-23 02:18:12]	Founded 173,696 targets to download
[2025-02-23 03:14:17]	A total of 173,696 targets have been downloaded
[2025-02-23 03:14:20]	Comparison: Nothing to update
[2025-02-24 02:15:51]	Using Abuse.ch SSL Certificate Blacklist CSV dated 2025-02-22 07:44:20
[2025-02-24 02:17:11]	Found 173,696 targets to download.
[2025-02-24 03:22:18]	A total of 173,696 targets have been downloaded
[2025-02-24 03:22:21]	Comparison: Nothing to update
[2025-02-24 09:22:41]	Using Abuse.ch SSL Certificate Blacklist CSV dated 2025-02-22 07:44:20
[2025-02-24 09:23:51]	Found 173,696 targets to download.
[2025-02-24 10:21:35]	A total of 173,696 targets have been downloaded
[2025-02-24 10:21:38]	Comparison: Nothing to update
[2025-02-25 06:08:01]	Using Abuse.ch SSL Certificate Blacklist CSV dated 2025-02-24 10:21:21
[2025-02-25 06:09:14]	Found 173,696 targets to download.
[2025-02-25 07:06:31]	A total of 173,696 targets have been downloaded
[2025-02-25 07:06:34]	Comparison: Nothing to update
[2025-02-25 10:58:50]	Using Abuse.ch SSL Certificate Blacklist CSV dated 2025-02-25 10:44:45
[2025-02-25 11:00:08]	Found 172,459 targets to download.
[2025-02-25 12:15:48]	A total of 172,758 targets have been downloaded
[2025-02-25 12:15:52]	Comparison: Database updated successfully. 1572 entries added, 1447 entries updated.
[2025-02-26 02:13:37]	Using Abuse.ch SSL Certificate Blacklist CSV dated 2025-02-25 15:29:21
[2025-02-26 02:15:00]	Found 172,459 targets to download.
[2025-02-26 03:07:32]	A total of 172,459 targets have been downloaded
[2025-02-26 03:07:35]	Comparison: Nothing to update
[2025-02-27 02:14:21]	Using Abuse.ch SSL Certificate Blacklist CSV dated 2025-02-26 08:11:03
[2025-02-27 02:15:36]	Found 172,267 targets to download.
[2025-02-27 03:28:02]	A total of 172,267 targets have been downloaded
[2025-02-27 03:28:06]	Comparison: Database updated successfully. 738 entries added, 1676 entries updated.
[2025-02-28 02:15:14]	Using Abuse.ch SSL Certificate Blacklist CSV dated 2025-02-27 18:05:53
[2025-02-28 02:16:41]	Found 172,267 targets to download.
[2025-02-28 03:16:13]	A total of 172,267 targets have been downloaded
[2025-02-28 03:16:16]	Comparison: Nothing to update
[2025-03-01 02:19:13]	Using Abuse.ch SSL Certificate Blacklist CSV dated 2025-02-28 07:30:38
[2025-03-01 02:21:07]	Found 172,267 targets to download.
[2025-03-01 03:57:44]	A total of 172,267 targets have been downloaded
[2025-03-01 03:57:47]	Comparison: Nothing to update
[2025-03-02 02:18:16]	Using Abuse.ch SSL Certificate Blacklist CSV dated 2025-03-01 13:33:41
[2025-03-02 02:19:43]	Found 172,267 targets to download.
[2025-03-02 03:07:38]	A total of 172,267 targets have been downloaded
[2025-03-02 03:07:40]	Comparison: Nothing to update
[2025-03-03 02:16:47]	Using Abuse.ch SSL Certificate Blacklist CSV dated 2025-03-02 13:49:45
[2025-03-03 02:18:44]	Found 172,267 targets to download.
[2025-03-03 03:13:55]	A total of 172,267 targets have been downloaded
[2025-03-03 03:13:58]	Comparison: Nothing to update
[2025-03-04 02:15:51]	Using Abuse.ch SSL Certificate Blacklist CSV dated 2025-03-03 07:40:31
[2025-03-04 02:17:02]	Found 171,877 targets to download.
[2025-03-04 03:27:14]	A total of 171,877 targets have been downloaded
[2025-03-04 03:27:18]	Comparison: Database updated successfully. 2539 entries added, 6001 entries updated.
[2025-03-05 02:15:43]	Using Abuse.ch SSL Certificate Blacklist CSV dated 2025-03-04 13:23:29
[2025-03-05 02:16:55]	Found 170,577 targets to download.
[2025-03-05 02:59:50]	A total of 170,594 targets have been downloaded
[2025-03-05 02:59:54]	Comparison: Database updated successfully. 2450 entries added, 5990 entries updated.
[2025-03-06 02:16:02]	Using Abuse.ch SSL Certificate Blacklist CSV dated 2025-03-05 06:39:14
[2025-03-06 02:17:23]	Found 170,594 targets to download.
[2025-03-06 03:02:16]	A total of 170,594 targets have been downloaded
[2025-03-06 03:02:19]	Comparison: Nothing to update
[2025-03-07 02:16:57]	Using Abuse.ch SSL Certificate Blacklist CSV dated 2025-03-06 07:06:35
[2025-03-07 02:18:03]	Found 170,594 targets to download.
[2025-03-07 02:56:43]	A total of 170,594 targets have been downloaded
[2025-03-07 02:56:46]	Comparison: Nothing to update
[2025-03-08 01:47:30]	Using Abuse.ch SSL Certificate Blacklist CSV dated 2025-03-07 19:29:47
[2025-03-08 01:48:31]	Found 170,594 targets to download.
[2025-03-08 02:43:36]	A total of 170,594 targets have been downloaded
[2025-03-08 02:43:39]	Comparison: Nothing to update
[2025-03-09 01:57:26]	Using Abuse.ch SSL Certificate Blacklist CSV dated 2025-03-08 04:48:44
[2025-03-09 01:58:12]	Found 170,594 targets to download.
[2025-03-09 02:07:59]	A total of 170,594 targets have been downloaded
[2025-03-09 02:08:02]	Comparison: Nothing to update
[2025-03-10 01:58:14]	Using Abuse.ch SSL Certificate Blacklist CSV dated 2025-03-09 07:40:31
[2025-03-10 01:58:55]	Found 170,594 targets to download.
[2025-03-10 02:08:58]	A total of 170,594 targets have been downloaded
[2025-03-10 02:09:01]	Comparison: Nothing to update
[2025-03-11 02:16:49]	Using Abuse.ch SSL Certificate Blacklist CSV dated 2025-03-10 18:54:58
[2025-03-11 02:17:30]	Found 170,594 targets to download.
[2025-03-11 02:34:14]	A total of 316,391 targets have been downloaded
[2025-03-11 02:34:19]	Comparison: Nothing to update
[2025-03-12 02:15:35]	Using Abuse.ch SSL Certificate Blacklist CSV dated 2025-03-11 07:59:46
[2025-03-12 02:16:40]	Found 170,594 targets to download.
[2025-03-12 02:45:14]	A total of 170,594 targets have been downloaded
[2025-03-12 02:45:16]	Comparison: Nothing to update
[2025-03-13 02:17:35]	Using Abuse.ch SSL Certificate Blacklist CSV dated 2025-03-12 17:25:52
[2025-03-13 02:18:43]	Found 170,594 targets to download.
[2025-03-13 02:51:13]	A total of 170,594 targets have been downloaded
[2025-03-13 02:51:16]	Comparison: Nothing to update
[2025-03-14 02:15:54]	Using Abuse.ch SSL Certificate Blacklist CSV dated 2025-03-13 07:06:13
[2025-03-14 02:17:01]	Found 170,597 targets to download.
[2025-03-14 03:13:26]	A total of 263,796 targets have been downloaded
[2025-03-14 03:13:31]	Comparison: Database updated successfully. 3 entries added, 0 entries updated.
[2025-03-15 02:14:06]	Using Abuse.ch SSL Certificate Blacklist CSV dated 2025-03-13 07:06:13
[2025-03-15 02:15:15]	Found 170,597 targets to download.
[2025-03-15 02:47:05]	A total of 170,597 targets have been downloaded
[2025-03-15 02:47:08]	Comparison: Nothing to update
[2025-03-16 02:22:11]	Using Abuse.ch SSL Certificate Blacklist CSV dated 2025-03-15 07:58:56
[2025-03-16 02:23:20]	Found 170,598 targets to download.
[2025-03-16 03:01:14]	A total of 170,598 targets have been downloaded
[2025-03-16 03:01:18]	Comparison: Database updated successfully. 1 entries added, 0 entries updated.
[2025-03-17 02:19:52]	Using Abuse.ch SSL Certificate Blacklist CSV dated 2025-03-16 18:37:50
[2025-03-17 02:21:04]	Found 170,598 targets to download.
[2025-03-17 02:53:32]	A total of 170,598 targets have been downloaded
[2025-03-17 02:53:35]	Comparison: Nothing to update
[2025-03-18 02:19:12]	Using Abuse.ch SSL Certificate Blacklist CSV dated 2025-03-17 08:13:53
[2025-03-18 02:20:23]	Found 170,598 targets to download.
[2025-03-18 02:53:24]	A total of 170,598 targets have been downloaded
[2025-03-18 02:53:27]	Comparison: Nothing to update
[2025-03-19 02:18:18]	Using Abuse.ch SSL Certificate Blacklist CSV dated 2025-03-18 06:55:34
[2025-03-19 02:19:40]	Found 170,598 targets to download.
[2025-03-19 02:59:04]	A total of 170,598 targets have been downloaded
[2025-03-19 02:59:07]	Comparison: Nothing to update
[2025-03-20 02:17:16]	Using Abuse.ch SSL Certificate Blacklist CSV dated 2025-03-19 07:17:32
[2025-03-20 02:18:38]	Found 144,816 targets to download.
[2025-03-20 03:04:25]	A total of 144,817 targets have been downloaded
[2025-03-20 03:04:29]	Comparison: Database updated successfully. 982 entries added, 96453 entries updated.
[2025-03-21 02:18:59]	Using Abuse.ch SSL Certificate Blacklist CSV dated 2025-03-20 07:31:24
[2025-03-21 02:19:47]	Found 145,041 targets to download.
[2025-03-21 02:53:29]	A total of 145,041 targets have been downloaded
[2025-03-21 02:53:33]	Comparison: Database updated successfully. 205 entries added, 19 entries updated.
[2025-03-22 02:15:29]	Using Abuse.ch SSL Certificate Blacklist CSV dated 2025-03-21 14:17:16
[2025-03-22 02:16:31]	Found 129,170 targets to download.
[2025-03-22 04:01:04]	A total of 222,469 targets have been downloaded
[2025-03-22 04:01:07]	Comparison: Nothing to update
[2025-03-23 02:24:50]	Using Abuse.ch SSL Certificate Blacklist CSV dated 2025-03-21 14:17:16
[2025-03-23 02:25:42]	Found 129,170 targets to download.
[2025-03-23 03:21:09]	A total of 129,170 targets have been downloaded
[2025-03-23 03:21:12]	Comparison: Nothing to update
[2025-03-24 02:23:06]	Using Abuse.ch SSL Certificate Blacklist CSV dated 2025-03-23 18:09:49
[2025-03-24 02:24:11]	Found 129,170 targets to download.
[2025-03-24 03:39:38]	A total of 129,170 targets have been downloaded
[2025-03-24 03:39:41]	Comparison: Nothing to update
[2025-03-25 02:19:54]	Using Abuse.ch SSL Certificate Blacklist CSV dated 2025-03-24 11:44:22
[2025-03-25 02:20:54]	Found 129,170 targets to download.
[2025-03-25 02:34:59]	A total of 129,170 targets have been downloaded
[2025-03-25 02:35:01]	Comparison: Nothing to update
[2025-03-26 02:19:03]	Using Abuse.ch SSL Certificate Blacklist CSV dated 2025-03-25 19:07:57
[2025-03-26 02:19:57]	Found 129,170 targets to download.
[2025-03-26 02:33:08]	A total of 129,170 targets have been downloaded
[2025-03-26 02:33:10]	Comparison: Nothing to update
[2025-03-27 02:19:17]	Using Abuse.ch SSL Certificate Blacklist CSV dated 2025-03-26 18:34:06
[2025-03-27 02:21:51]	Found 143,449 targets to download.
[2025-03-27 02:56:34]	A total of 143,449 targets have been downloaded
[2025-03-27 02:56:39]	Comparison: Database updated successfully. 3013 entries added, 11266 entries updated.
[2025-03-28 02:20:28]	Using Abuse.ch SSL Certificate Blacklist CSV dated 2025-03-26 18:34:06
[2025-03-28 02:21:44]	Found 143,449 targets to download.
[2025-03-28 02:47:29]	A total of 143,449 targets have been downloaded
[2025-03-28 02:47:31]	Comparison: Nothing to update
[2025-03-29 02:17:23]	Using Abuse.ch SSL Certificate Blacklist CSV dated 2025-03-26 18:34:06
[2025-03-29 02:24:35]	Found 143,449 targets to download.
[2025-03-29 02:51:57]	A total of 143,449 targets have been downloaded
[2025-03-29 02:51:59]	Comparison: Nothing to update
[2025-03-30 02:26:10]	Using Abuse.ch SSL Certificate Blacklist CSV dated 2025-03-26 18:34:06
[2025-03-30 02:28:13]	Found 143,449 targets to download.
[2025-03-30 02:51:18]	A total of 143,449 targets have been downloaded
[2025-03-30 02:51:21]	Comparison: Nothing to update
[2025-03-31 02:25:28]	Using Abuse.ch SSL Certificate Blacklist CSV dated 2025-03-30 19:29:26
[2025-03-31 02:26:36]	Found 143,449 targets to download.
[2025-03-31 02:43:43]	A total of 143,449 targets have been downloaded
[2025-03-31 02:43:46]	Comparison: Nothing to update
[2025-04-01 02:39:38]	Using Abuse.ch SSL Certificate Blacklist CSV dated 2025-03-31 17:07:32
[2025-04-01 02:43:14]	Found 143,449 targets to download.
[2025-04-01 03:48:20]	A total of 143,449 targets have been downloaded
[2025-04-01 03:48:22]	Comparison: Nothing to update
[2025-04-02 02:21:32]	Using Abuse.ch SSL Certificate Blacklist CSV dated 2025-04-01 14:43:04
[2025-04-02 02:24:37]	Found 143,449 targets to download.
[2025-04-02 03:08:40]	A total of 143,449 targets have been downloaded
[2025-04-02 03:08:43]	Comparison: Nothing to update
[2025-04-03 02:20:22]	Using Abuse.ch SSL Certificate Blacklist CSV dated 2025-04-02 18:45:24
[2025-04-03 02:24:11]	Found 143,449 targets to download.
[2025-04-03 02:57:21]	A total of 143,449 targets have been downloaded
[2025-04-03 02:57:24]	Comparison: Nothing to update
[2025-04-04 02:19:53]	Using Abuse.ch SSL Certificate Blacklist CSV dated 2025-04-03 16:02:37
[2025-04-04 02:20:53]	Found 143,449 targets to download.
[2025-04-04 02:41:03]	A total of 143,449 targets have been downloaded
[2025-04-04 02:41:05]	Comparison: Nothing to update
[2025-04-05 02:17:35]	Using Abuse.ch SSL Certificate Blacklist CSV dated 2025-04-04 18:01:54
[2025-04-05 02:21:19]	Found 143,449 targets to download.
[2025-04-05 03:00:44]	A total of 143,449 targets have been downloaded
[2025-04-05 03:00:46]	Comparison: Nothing to update
[2025-04-06 02:24:44]	Using Abuse.ch SSL Certificate Blacklist CSV dated 2025-04-05 06:01:44
[2025-04-06 02:27:29]	Found 143,449 targets to download.
[2025-04-06 03:22:11]	A total of 143,449 targets have been downloaded
[2025-04-06 03:22:14]	Comparison: Nothing to update
[2025-04-07 02:24:11]	Using Abuse.ch SSL Certificate Blacklist CSV dated 2025-04-06 05:28:01
[2025-04-07 02:29:04]	Found 143,449 targets to download.
[2025-04-07 05:02:43]	A total of 143,466 targets have been downloaded
[2025-04-07 05:02:46]	Comparison: Nothing to update
[2025-04-08 02:20:52]	Using Abuse.ch SSL Certificate Blacklist CSV dated 2025-04-07 18:27:19
[2025-04-08 02:25:26]	Found 143,449 targets to download.
[2025-04-08 05:36:51]	A total of 238,711 targets have been downloaded
[2025-04-08 05:36:55]	Comparison: Nothing to update
[2025-04-09 02:22:52]	Using Abuse.ch SSL Certificate Blacklist CSV dated 2025-04-08 05:44:37
[2025-04-09 02:24:42]	Found 143,449 targets to download.
[2025-04-09 03:09:48]	A total of 333,956 targets have been downloaded
[2025-04-09 03:09:53]	Comparison: Nothing to update
[2025-04-10 02:20:51]	Using Abuse.ch SSL Certificate Blacklist CSV dated 2025-04-09 06:31:31
[2025-04-10 02:28:27]	Found 143,449 targets to download.
[2025-04-10 04:18:24]	A total of 238,746 targets have been downloaded
[2025-04-10 04:18:28]	Comparison: Nothing to update
[2025-04-11 02:21:28]	Using Abuse.ch SSL Certificate Blacklist CSV dated 2025-04-10 18:01:20
[2025-04-11 02:25:24]	Found 143,449 targets to download.
[2025-04-11 02:32:29]	
All 10 retries failed. Saving downloaded data...
[2025-04-11 02:40:50]	
All 10 retries failed. Saving downloaded data...
[2025-04-11 02:48:36]	
All 10 retries failed. Saving downloaded data...
[2025-04-11 02:56:43]	
All 10 retries failed. Saving downloaded data...
[2025-04-11 03:05:29]	
All 10 retries failed. Saving downloaded data...
[2025-04-11 03:15:41]	
All 10 retries failed. Saving downloaded data...
[2025-04-11 03:42:28]	
All 10 retries failed. Saving downloaded data...
[2025-04-11 03:49:05]	
All 10 retries failed. Saving downloaded data...
[2025-04-11 03:56:20]	
All 10 retries failed. Saving downloaded data...
[2025-04-11 04:03:58]	
All 10 retries failed. Saving downloaded data...
[2025-04-11 04:05:05]	A total of 99,697 targets have been downloaded
[2025-04-11 04:05:08]	Comparison: Nothing to update
[2025-04-12 02:18:11]	Using Abuse.ch SSL Certificate Blacklist CSV dated 2025-04-11 06:48:57
[2025-04-12 02:19:08]	Found 143,450 targets to download.
[2025-04-12 02:39:56]	A total of 143,450 targets have been downloaded
[2025-04-12 02:40:00]	Comparison: Database updated successfully. 1 entries added, 0 entries updated.
[2025-04-13 03:39:43]	Using Abuse.ch SSL Certificate Blacklist CSV dated 2025-04-11 06:48:57
[2025-04-13 03:40:49]	Found 143,450 targets to download.
[2025-04-13 04:07:51]	A total of 143,450 targets have been downloaded
[2025-04-13 04:07:54]	Comparison: Nothing to update
[2025-04-14 02:25:26]	Using Abuse.ch SSL Certificate Blacklist CSV dated 2025-04-13 07:51:19
[2025-04-14 02:26:16]	Found 143,744 targets to download.
[2025-04-14 02:45:41]	A total of 143,744 targets have been downloaded
[2025-04-14 02:45:45]	Comparison: Database updated successfully. 1032 entries added, 1676 entries updated.
[2025-04-15 02:24:12]	Using Abuse.ch SSL Certificate Blacklist CSV dated 2025-04-14 11:17:54
[2025-04-15 02:25:16]	Found 143,744 targets to download.
[2025-04-15 02:45:50]	A total of 143,744 targets have been downloaded
[2025-04-15 02:45:53]	Comparison: Nothing to update
[2025-04-16 02:23:40]	Using Abuse.ch SSL Certificate Blacklist CSV dated 2025-04-15 15:18:03
[2025-04-16 02:24:36]	Found 143,744 targets to download.
[2025-04-16 02:40:34]	A total of 143,744 targets have been downloaded
[2025-04-16 02:40:36]	Comparison: Nothing to update
[2025-04-17 02:22:35]	Using Abuse.ch SSL Certificate Blacklist CSV dated 2025-04-16 15:59:11
[2025-04-17 02:23:25]	Found 143,744 targets to download.
[2025-04-17 02:38:57]	A total of 143,744 targets have been downloaded
[2025-04-17 02:38:59]	Comparison: Nothing to update
[2025-04-18 02:19:47]	Using Abuse.ch SSL Certificate Blacklist CSV dated 2025-04-17 14:27:21
[2025-04-18 02:20:40]	Found 143,744 targets to download.
[2025-04-18 02:36:53]	A total of 143,744 targets have been downloaded
[2025-04-18 02:36:56]	Comparison: Nothing to update
[2025-04-19 02:16:39]	Using Abuse.ch SSL Certificate Blacklist CSV dated 2025-04-18 04:46:28
[2025-04-19 02:17:35]	Found 143,744 targets to download.
[2025-04-19 02:38:40]	A total of 143,744 targets have been downloaded
[2025-04-19 02:38:42]	Comparison: Nothing to update
[2025-04-20 02:28:36]	Using Abuse.ch SSL Certificate Blacklist CSV dated 2025-04-19 11:17:17
[2025-04-20 02:29:36]	Found 135,119 targets to download.
[2025-04-20 02:43:07]	A total of 135,119 targets have been downloaded
[2025-04-20 02:43:11]	Comparison: Database updated successfully. 753 entries added, 87908 entries updated.
[2025-04-21 02:28:05]	Using Abuse.ch SSL Certificate Blacklist CSV dated 2025-04-20 06:48:37
[2025-04-21 02:28:54]	Found 135,037 targets to download.
[2025-04-21 02:42:24]	A total of 135,037 targets have been downloaded
[2025-04-21 02:42:28]	Comparison: Database updated successfully. 1757 entries added, 3694 entries updated.
[2025-04-22 02:22:44]	Using Abuse.ch SSL Certificate Blacklist CSV dated 2025-04-20 06:48:37
[2025-04-22 02:23:33]	Found 135,037 targets to download.
[2025-04-22 02:36:14]	A total of 135,037 targets have been downloaded
[2025-04-22 02:36:17]	Comparison: Nothing to update
[2025-04-23 02:24:24]	Using Abuse.ch SSL Certificate Blacklist CSV dated 2025-04-22 15:48:29
[2025-04-23 02:25:29]	Found 135,037 targets to download.
[2025-04-23 03:01:59]	A total of 162,858 targets have been downloaded
[2025-04-23 03:02:02]	Comparison: Nothing to update
[2025-04-24 02:24:27]	Using Abuse.ch SSL Certificate Blacklist CSV dated 2025-04-23 17:52:26
[2025-04-24 02:25:21]	Found 135,037 targets to download.
[2025-04-24 02:39:22]	A total of 135,037 targets have been downloaded
[2025-04-24 02:39:24]	Comparison: Nothing to update
[2025-04-25 02:25:08]	Using Abuse.ch SSL Certificate Blacklist CSV dated 2025-04-24 13:10:40
[2025-04-25 02:29:54]	Found 143,450 targets to download.
[2025-04-25 03:07:54]	A total of 143,450 targets have been downloaded
[2025-04-25 03:07:57]	Comparison: Nothing to update
[2025-04-26 02:19:34]	Using Abuse.ch SSL Certificate Blacklist CSV dated 2025-04-25 16:31:27
[2025-04-26 02:20:52]	Found 136,445 targets to download.
[2025-04-26 03:00:02]	A total of 136,445 targets have been downloaded
[2025-04-26 03:00:06]	Comparison: Database updated successfully. 11874 entries added, 27751 entries updated.
