[2025-01-21 14:50:54]	Database updated successfully. 0 entries added, 0 entries updated.
[2025-01-21 16:09:58]	Use Abuse.ch SSL Certificate Blacklist CSV dated 2025-01-20 15:02:00
[2025-01-21 16:13:00]	Founded 168,747 targets to download
[2025-01-21 17:51:03]	A total of 168,747 have been written
[2025-01-21 17:51:05]	Database updated successfully. 0 entries added, 0 entries updated.
[2025-01-22 02:09:41]	Use Abuse.ch SSL Certificate Blacklist CSV dated 2025-01-20 15:02:00
[2025-01-22 02:12:00]	Founded 168,747 targets to download
[2025-01-22 02:48:28]	A total of 168,747 have been written
[2025-01-22 02:48:29]	Nothing to update
[2025-01-23 02:07:42]	Use Abuse.ch SSL Certificate Blacklist CSV dated 2025-01-20 15:02:00
[2025-01-23 02:10:03]	Founded 168,747 targets to download
[2025-01-23 02:53:08]	A total of 168,747 have been written
[2025-01-23 02:53:09]	Nothing to update
[2025-01-24 02:08:14]	Using Abuse.ch SSL Certificate Blacklist CSV dated 2025-01-23 19:36:43
[2025-01-24 02:10:51]	Founded 168,955 targets to download
[2025-01-24 03:03:57]	A total of 168,955 targets have been downloaded
[2025-01-24 03:03:58]	Comparison: Database updated successfully. 1936 entries added, 5763 entries updated.
[2025-01-25 02:03:05]	Using Abuse.ch SSL Certificate Blacklist CSV dated 2025-01-24 19:23:13
[2025-01-25 02:05:45]	Founded 168,955 targets to download
[2025-01-25 02:50:50]	A total of 168,955 targets have been downloaded
[2025-01-25 02:50:51]	Comparison: Nothing to update
